

Started GET "/assets/rails.png" for 127.0.0.1 at 2012-05-09 17:50:07 -0700
Served asset /rails.png - 304 Not Modified (102ms)


Started GET "/assets/rails.png" for 127.0.0.1 at 2012-05-09 17:50:40 -0700
Served asset /rails.png - 200 OK (0ms)


Started GET "/static_pages/home" for 127.0.0.1 at 2012-05-09 17:50:40 -0700
Processing by StaticPagesController#home as HTML
  Rendered static_pages/home.html.erb within layouts/application (704.0ms)
Completed 500 Internal Server Error in 9127ms

ActionView::Template::Error (湉異⁴牅潲㩲唠歮潮湷漠瑰潩⁮⼢浴⽰硥捥獪〲㈱㔰㤰㜭〹ⴴ瘱睫瑴⹧獪•灳捥晩敩⹤਍
  (in /home/Simon/rails_projects/sample_app/app/assets/javascripts/static_pages.js.coffee)):
    3:   <head>
    4:     <title>Ruby on Rails Tutorial Sample App | <%= yield(:title) %></title>
    5:     <%= stylesheet_link_tag    "application", :media => "all" %>
    6:     <%= javascript_include_tag "application" %>
    7:     <%= csrf_meta_tags %>
    8:   </head>
    9:   <body>
  app/views/layouts/application.html.erb:6:in `_app_views_layouts_application_html_erb__353116982_274160310'


  Rendered /home/Simon/.rvm/gems/ruby-1.9.3-p125@rails3tutorial/gems/actionpack-3.2.3/lib/action_dispatch/middleware/templates/rescues/_trace.erb (10.0ms)
  Rendered /home/Simon/.rvm/gems/ruby-1.9.3-p125@rails3tutorial/gems/actionpack-3.2.3/lib/action_dispatch/middleware/templates/rescues/_request_and_response.erb (1.0ms)
  Rendered /home/Simon/.rvm/gems/ruby-1.9.3-p125@rails3tutorial/gems/actionpack-3.2.3/lib/action_dispatch/middleware/templates/rescues/template_error.erb within rescues/layout (267.0ms)


Started GET "/static_pages/home" for 127.0.0.1 at 2012-05-09 17:51:13 -0700
Processing by StaticPagesController#home as HTML
  Rendered static_pages/home.html.erb within layouts/application (0.0ms)
Completed 200 OK in 25ms (Views: 24.0ms | ActiveRecord: 0.0ms)


Started GET "/assets/application.css?body=1" for 127.0.0.1 at 2012-05-09 17:51:13 -0700
Served asset /application.css - 304 Not Modified (8ms)


Started GET "/assets/static_pages.css?body=1" for 127.0.0.1 at 2012-05-09 17:51:13 -0700
Served asset /static_pages.css - 304 Not Modified (4ms)


Started GET "/static_pages/home" for 127.0.0.1 at 2012-05-09 17:51:23 -0700
Processing by StaticPagesController#home as HTML
  Rendered static_pages/home.html.erb within layouts/application (0.0ms)
Completed 500 Internal Server Error in 11751ms

ActionView::Template::Error (incomplete "\n" on UTF-16LE
  (in /home/Simon/rails_projects/sample_app/app/assets/javascripts/static_pages.js.coffee)):
    3:   <head>
    4:     <title>Ruby on Rails Tutorial Sample App | <%= yield(:title) %></title>
    5:     <%= stylesheet_link_tag    "application", :media => "all" %>
    6:     <%= javascript_include_tag "application" %>
    7:     <%= csrf_meta_tags %>
    8:   </head>
    9:   <body>
  app/views/layouts/application.html.erb:6:in `_app_views_layouts_application_html_erb__353116982_272214830'


  Rendered /home/Simon/.rvm/gems/ruby-1.9.3-p125@rails3tutorial/gems/actionpack-3.2.3/lib/action_dispatch/middleware/templates/rescues/_trace.erb (12.0ms)
  Rendered /home/Simon/.rvm/gems/ruby-1.9.3-p125@rails3tutorial/gems/actionpack-3.2.3/lib/action_dispatch/middleware/templates/rescues/_request_and_response.erb (2.0ms)
  Rendered /home/Simon/.rvm/gems/ruby-1.9.3-p125@rails3tutorial/gems/actionpack-3.2.3/lib/action_dispatch/middleware/templates/rescues/template_error.erb within rescues/layout (254.0ms)


Started GET "/static_pages/home" for 127.0.0.1 at 2012-05-09 19:07:06 -0700
Processing by StaticPagesController#home as HTML
  Rendered static_pages/home.html.erb within layouts/application (0.0ms)
Completed 500 Internal Server Error in 7056ms

ActionView::Template::Error (湉異⁴牅潲㩲唠歮潮湷漠瑰潩⁮⼢浴⽰硥捥獪〲㈱㔰㤰㜭〹ⴴ楺朴⹺獪•灳捥晩敩⹤਍
  (in /home/Simon/rails_projects/sample_app/app/assets/javascripts/static_pages.js.coffee)):
    3:   <head>
    4:     <title>Ruby on Rails Tutorial Sample App | <%= yield(:title) %></title>
    5:     <%= stylesheet_link_tag    "application", :media => "all" %>
    6:     <%= javascript_include_tag "application" %>
    7:     <%= csrf_meta_tags %>
    8:   </head>
    9:   <body>
  app/views/layouts/application.html.erb:6:in `_app_views_layouts_application_html_erb__353116982_272214830'


  Rendered /home/Simon/.rvm/gems/ruby-1.9.3-p125@rails3tutorial/gems/actionpack-3.2.3/lib/action_dispatch/middleware/templates/rescues/_trace.erb (10.0ms)
  Rendered /home/Simon/.rvm/gems/ruby-1.9.3-p125@rails3tutorial/gems/actionpack-3.2.3/lib/action_dispatch/middleware/templates/rescues/_request_and_response.erb (2.0ms)
  Rendered /home/Simon/.rvm/gems/ruby-1.9.3-p125@rails3tutorial/gems/actionpack-3.2.3/lib/action_dispatch/middleware/templates/rescues/template_error.erb within rescues/layout (188.0ms)


Started GET "/static_pages/home" for 127.0.0.1 at 2012-05-09 19:28:12 -0700
Processing by StaticPagesController#home as HTML
  Rendered static_pages/home.html.erb within layouts/application (0.0ms)


Started GET "/assets/rails.png" for 127.0.0.1 at 2012-05-09 21:58:39 -0700
Served asset /rails.png - 200 OK (33ms)


Started GET "/static_pages/home.html" for 127.0.0.1 at 2012-05-09 21:59:10 -0700
Processing by StaticPagesController#home as HTML
  Rendered static_pages/home.html.erb within layouts/application (725.0ms)
Completed 500 Internal Server Error in 9888ms

ActionView::Template::Error (
node.js:201
        throw e; // process.nextTick error, or 'error' event on first tick
              ^
Error: Cannot find module 'C:\tmp\execjs20120509-4764-ngbfz4.js'
    at Function._resolveFilename (module.js:332:11)
    at Function._load (module.js:279:25)
    at Array.0 (module.js:479:10)
    at EventEmitter._tickCallback (node.js:192:40)

  (in /home/Simon/rails_projects/sample_app/app/assets/javascripts/static_pages.js.coffee)):
    3:   <head>
    4:     <title>Ruby on Rails Tutorial Sample App | <%= yield(:title) %></title>
    5:     <%= stylesheet_link_tag    "application", :media => "all" %>
    6:     <%= javascript_include_tag "application" %>
    7:     <%= csrf_meta_tags %>
    8:   </head>
    9:   <body>
  app/views/layouts/application.html.erb:6:in `_app_views_layouts_application_html_erb___500207825_270581230'


  Rendered /home/Simon/.rvm/gems/ruby-1.9.3-p125@rails3tutorial/gems/actionpack-3.2.3/lib/action_dispatch/middleware/templates/rescues/_trace.erb (9.0ms)
  Rendered /home/Simon/.rvm/gems/ruby-1.9.3-p125@rails3tutorial/gems/actionpack-3.2.3/lib/action_dispatch/middleware/templates/rescues/_request_and_response.erb (2.0ms)
  Rendered /home/Simon/.rvm/gems/ruby-1.9.3-p125@rails3tutorial/gems/actionpack-3.2.3/lib/action_dispatch/middleware/templates/rescues/template_error.erb within rescues/layout (189.0ms)


Started GET "/static_pages/home" for 127.0.0.1 at 2012-05-09 21:59:21 -0700
Processing by StaticPagesController#home as HTML
  Rendered static_pages/home.html.erb within layouts/application (0.0ms)
Completed 500 Internal Server Error in 1988ms

ActionView::Template::Error (
node.js:201
        throw e; // process.nextTick error, or 'error' event on first tick
              ^
Error: Cannot find module 'C:\tmp\execjs20120509-4764-e9iq0.js'
    at Function._resolveFilename (module.js:332:11)
    at Function._load (module.js:279:25)
    at Array.0 (module.js:479:10)
    at EventEmitter._tickCallback (node.js:192:40)

  (in /home/Simon/rails_projects/sample_app/app/assets/javascripts/static_pages.js.coffee)):
    3:   <head>
    4:     <title>Ruby on Rails Tutorial Sample App | <%= yield(:title) %></title>
    5:     <%= stylesheet_link_tag    "application", :media => "all" %>
    6:     <%= javascript_include_tag "application" %>
    7:     <%= csrf_meta_tags %>
    8:   </head>
    9:   <body>
  app/views/layouts/application.html.erb:6:in `_app_views_layouts_application_html_erb___500207825_270581230'


  Rendered /home/Simon/.rvm/gems/ruby-1.9.3-p125@rails3tutorial/gems/actionpack-3.2.3/lib/action_dispatch/middleware/templates/rescues/_trace.erb (16.0ms)
  Rendered /home/Simon/.rvm/gems/ruby-1.9.3-p125@rails3tutorial/gems/actionpack-3.2.3/lib/action_dispatch/middleware/templates/rescues/_request_and_response.erb (1.0ms)
  Rendered /home/Simon/.rvm/gems/ruby-1.9.3-p125@rails3tutorial/gems/actionpack-3.2.3/lib/action_dispatch/middleware/templates/rescues/template_error.erb within rescues/layout (171.0ms)


Started GET "/static_pages/home" for 127.0.0.1 at 2012-05-09 21:59:47 -0700
Processing by StaticPagesController#home as HTML
  Rendered static_pages/home.html.erb within layouts/application (0.0ms)
Completed 200 OK in 29ms (Views: 29.0ms | ActiveRecord: 0.0ms)


Started GET "/assets/application.css?body=1" for 127.0.0.1 at 2012-05-09 21:59:47 -0700
Served asset /application.css - 304 Not Modified (12ms)


Started GET "/assets/static_pages.css?body=1" for 127.0.0.1 at 2012-05-09 21:59:47 -0700
Served asset /static_pages.css - 304 Not Modified (23ms)


Started GET "/static_pages/home" for 127.0.0.1 at 2012-05-09 21:59:53 -0700
Processing by StaticPagesController#home as HTML
  Rendered static_pages/home.html.erb within layouts/application (1.0ms)
Completed 500 Internal Server Error in 33349ms

ActionView::Template::Error (
node.js:201
        throw e; // process.nextTick error, or 'error' event on first tick
              ^
Error: Cannot find module 'C:\tmp\execjs20120509-4764-66zh6w.js'
    at Function._resolveFilename (module.js:332:11)
    at Function._load (module.js:279:25)
    at Array.0 (module.js:479:10)
    at EventEmitter._tickCallback (node.js:192:40)

  (in /home/Simon/rails_projects/sample_app/app/assets/javascripts/static_pages.js.coffee)):
    3:   <head>
    4:     <title>Ruby on Rails Tutorial Sample App | <%= yield(:title) %></title>
    5:     <%= stylesheet_link_tag    "application", :media => "all" %>
    6:     <%= javascript_include_tag "application" %>
    7:     <%= csrf_meta_tags %>
    8:   </head>
    9:   <body>
  app/views/layouts/application.html.erb:6:in `_app_views_layouts_application_html_erb___500207825_278499040'


  Rendered /home/Simon/.rvm/gems/ruby-1.9.3-p125@rails3tutorial/gems/actionpack-3.2.3/lib/action_dispatch/middleware/templates/rescues/_trace.erb (10.0ms)
  Rendered /home/Simon/.rvm/gems/ruby-1.9.3-p125@rails3tutorial/gems/actionpack-3.2.3/lib/action_dispatch/middleware/templates/rescues/_request_and_response.erb (1.0ms)
  Rendered /home/Simon/.rvm/gems/ruby-1.9.3-p125@rails3tutorial/gems/actionpack-3.2.3/lib/action_dispatch/middleware/templates/rescues/template_error.erb within rescues/layout (158.0ms)
